<?xml version="1.0" encoding="UTF-8"?>
<testsuite name="CourseCollectionsTest" tests="9" skipped="0" failures="0" errors="0" timestamp="2021-02-23T03:11:06" hostname="DESKTOP-CAU9NES" time="0.074">
  <properties/>
  <testcase name="shouldNotRemoveAStudent()" classname="CourseCollectionsTest" time="0.034"/>
  <testcase name="shouldRemoveAStudent()" classname="CourseCollectionsTest" time="0.002"/>
  <testcase name="shouldNotGetAStudent()" classname="CourseCollectionsTest" time="0.002"/>
  <testcase name="shouldGetAStudent()" classname="CourseCollectionsTest" time="0.011"/>
  <testcase name="shouldNotAddAStudentWhenNoQuota()" classname="CourseCollectionsTest" time="0.006"/>
  <testcase name="shouldNotAddAStudent()" classname="CourseCollectionsTest" time="0.001"/>
  <testcase name="shouldAddAStudent()" classname="CourseCollectionsTest" time="0.002"/>
  <testcase name="shouldNotUpdateAStudent()" classname="CourseCollectionsTest" time="0.001"/>
  <testcase name="shouldUpdateAStudent()" classname="CourseCollectionsTest" time="0.002"/>
  <system-out><![CDATA[]]></system-out>
  <system-err><![CDATA[]]></system-err>
</testsuite>
